# JRE version: Java(TM) SE Runtime Environment (17.0.3.1+2) (build 17.0.3.1+2-LTS-6)
# Java VM: Java HotSpot(TM) 64-Bit Server VM (17.0.3.1+2-LTS-6, mixed mode, sharing, tiered, compressed oops, compressed class ptrs, g1 gc, windows-amd64)
GC Precious Log:
 CPUs: 4 total, 4 available
 Memory: 3993M
 Large Page Support: Disabled
 NUMA Support: Disabled
 Compressed Oops: Enabled (32-bit)
 Heap Region Size: 1M
 Heap Min Capacity: 8M
 Heap Initial Capacity: 64M
 Heap Max Capacity: 2G
 Pre-touch: Disabled
 Parallel Workers: 4
 Concurrent Workers: 1
 Concurrent Refinement Workers: 4
 Periodic GC: Disabled
Heap:
 garbage-first heap   total 75776K, used 49356K [0x0000000080000000, 0x0000000100000000)
  region size 1024K, 2 young (2048K), 1 survivors (1024K)
 Metaspace       used 40045K, committed 40448K, reserved 1089536K
  class space    used 5445K, committed 5632K, reserved 1048576K
GC Heap History (20 events):
Event: 34.264 GC heap before
{Heap before GC invocations=13 (full 0):
 garbage-first heap   total 65536K, used 51269K [0x0000000080000000, 0x0000000100000000)
  region size 1024K, 17 young (17408K), 2 survivors (2048K)
 Metaspace       used 33326K, committed 33664K, reserved 1081344K
  class space    used 4591K, committed 4736K, reserved 1048576K
}
Event: 34.280 GC heap after
{Heap after GC invocations=14 (full 0):
 garbage-first heap   total 65536K, used 37240K [0x0000000080000000, 0x0000000100000000)
  region size 1024K, 2 young (2048K), 2 survivors (2048K)
 Metaspace       used 33326K, committed 33664K, reserved 1081344K
  class space    used 4591K, committed 4736K, reserved 1048576K
}
Event: 38.005 GC heap before
{Heap before GC invocations=15 (full 0):
 garbage-first heap   total 65536K, used 45432K [0x0000000080000000, 0x0000000100000000)
  region size 1024K, 11 young (11264K), 2 survivors (2048K)
 Metaspace       used 34503K, committed 34880K, reserved 1081344K
  class space    used 4773K, committed 4928K, reserved 1048576K
}
Event: 38.021 GC heap after
{Heap after GC invocations=16 (full 0):
 garbage-first heap   total 65536K, used 38140K [0x0000000080000000, 0x0000000100000000)
  region size 1024K, 1 young (1024K), 1 survivors (1024K)
 Metaspace       used 34503K, committed 34880K, reserved 1081344K
  class space    used 4773K, committed 4928K, reserved 1048576K
}
Event: 40.147 GC heap before
{Heap before GC invocations=17 (full 0):
 garbage-first heap   total 68608K, used 53500K [0x0000000080000000, 0x0000000100000000)
  region size 1024K, 15 young (15360K), 1 survivors (1024K)
 Metaspace       used 35938K, committed 36288K, reserved 1081344K
  class space    used 4901K, committed 5056K, reserved 1048576K
}
Event: 40.152 GC heap after
{Heap after GC invocations=18 (full 0):
 garbage-first heap   total 68608K, used 38552K [0x0000000080000000, 0x0000000100000000)
  region size 1024K, 2 young (2048K), 2 survivors (2048K)
 Metaspace       used 35938K, committed 36288K, reserved 1081344K
  class space    used 4901K, committed 5056K, reserved 1048576K
}
Event: 40.157 GC heap before
{Heap before GC invocations=18 (full 0):
 garbage-first heap   total 68608K, used 39576K [0x0000000080000000, 0x0000000100000000)
  region size 1024K, 3 young (3072K), 2 survivors (2048K)
 Metaspace       used 35938K, committed 36288K, reserved 1081344K
  class space    used 4901K, committed 5056K, reserved 1048576K
}
Event: 40.163 GC heap after
{Heap after GC invocations=19 (full 0):
 garbage-first heap   total 68608K, used 38220K [0x0000000080000000, 0x0000000100000000)
  region size 1024K, 1 young (1024K), 1 survivors (1024K)
 Metaspace       used 35938K, committed 36288K, reserved 1081344K
  class space    used 4901K, committed 5056K, reserved 1048576K
}
Event: 41.202 GC heap before
{Heap before GC invocations=19 (full 0):
 garbage-first heap   total 68608K, used 54604K [0x0000000080000000, 0x0000000100000000)
  region size 1024K, 17 young (17408K), 1 survivors (1024K)
 Metaspace       used 37777K, committed 38144K, reserved 1089536K
  class space    used 5180K, committed 5312K, reserved 1048576K
}
Event: 41.206 GC heap after
{Heap after GC invocations=20 (full 0):
 garbage-first heap   total 68608K, used 38927K [0x0000000080000000, 0x0000000100000000)
  region size 1024K, 1 young (1024K), 1 survivors (1024K)
 Metaspace       used 37777K, committed 38144K, reserved 1089536K
  class space    used 5180K, committed 5312K, reserved 1048576K
}
Event: 45.017 GC heap before
{Heap before GC invocations=21 (full 0):
 garbage-first heap   total 68608K, used 55311K [0x0000000080000000, 0x0000000100000000)
  region size 1024K, 17 young (17408K), 1 survivors (1024K)
 Metaspace       used 39179K, committed 39552K, reserved 1089536K
  class space    used 5358K, committed 5504K, reserved 1048576K
}
Event: 45.024 GC heap after
{Heap after GC invocations=22 (full 0):
 garbage-first heap   total 68608K, used 40754K [0x0000000080000000, 0x0000000100000000)
  region size 1024K, 3 young (3072K), 3 survivors (3072K)
 Metaspace       used 39179K, committed 39552K, reserved 1089536K
  class space    used 5358K, committed 5504K, reserved 1048576K
}
Event: 45.229 GC heap before
{Heap before GC invocations=22 (full 0):
 garbage-first heap   total 68608K, used 41778K [0x0000000080000000, 0x0000000100000000)
  region size 1024K, 4 young (4096K), 3 survivors (3072K)
 Metaspace       used 39216K, committed 39616K, reserved 1089536K
  class space    used 5358K, committed 5504K, reserved 1048576K
}
Event: 45.251 GC heap after
{Heap after GC invocations=23 (full 0):
 garbage-first heap   total 68608K, used 40782K [0x0000000080000000, 0x0000000100000000)
  region size 1024K, 1 young (1024K), 1 survivors (1024K)
 Metaspace       used 39216K, committed 39616K, reserved 1089536K
  class space    used 5358K, committed 5504K, reserved 1048576K
}
Event: 49.101 GC heap before
{Heap before GC invocations=23 (full 0):
 garbage-first heap   total 68608K, used 54094K [0x0000000080000000, 0x0000000100000000)
  region size 1024K, 15 young (15360K), 1 survivors (1024K)
 Metaspace       used 39750K, committed 40128K, reserved 1089536K
  class space    used 5416K, committed 5568K, reserved 1048576K
}
Event: 49.107 GC heap after
{Heap after GC invocations=24 (full 0):
 garbage-first heap   total 68608K, used 43347K [0x0000000080000000, 0x0000000100000000)
  region size 1024K, 2 young (2048K), 2 survivors (2048K)
 Metaspace       used 39750K, committed 40128K, reserved 1089536K
  class space    used 5416K, committed 5568K, reserved 1048576K
}
Event: 52.825 GC heap before
{Heap before GC invocations=25 (full 0):
 garbage-first heap   total 75776K, used 54611K [0x0000000080000000, 0x0000000100000000)
  region size 1024K, 13 young (13312K), 2 survivors (2048K)
 Metaspace       used 39955K, committed 40384K, reserved 1089536K
  class space    used 5431K, committed 5632K, reserved 1048576K
}
Event: 52.855 GC heap after
{Heap after GC invocations=26 (full 0):
 garbage-first heap   total 75776K, used 46602K [0x0000000080000000, 0x0000000100000000)
  region size 1024K, 2 young (2048K), 2 survivors (2048K)
 Metaspace       used 39955K, committed 40384K, reserved 1089536K
  class space    used 5431K, committed 5632K, reserved 1048576K
}
Event: 53.536 GC heap before
{Heap before GC invocations=26 (full 0):
 garbage-first heap   total 75776K, used 48650K [0x0000000080000000, 0x0000000100000000)
  region size 1024K, 5 young (5120K), 2 survivors (2048K)
 Metaspace       used 40036K, committed 40448K, reserved 1089536K
  class space    used 5443K, committed 5632K, reserved 1048576K
}
Event: 53.547 GC heap after
{Heap after GC invocations=27 (full 0):
 garbage-first heap   total 75776K, used 47308K [0x0000000080000000, 0x0000000100000000)
  region size 1024K, 1 young (1024K), 1 survivors (1024K)
 Metaspace       used 40036K, committed 40448K, reserved 1089536K
  class space    used 5443K, committed 5632K, reserved 1048576K
}

